20-Apr-2024 10:43:10.390 INFO [main] org.apache.catalina.startup.VersionLoggerListener.log 서버 버전 이름:    Apache Tomcat/9.0.87
20-Apr-2024 10:43:10.393 INFO [main] org.apache.catalina.startup.VersionLoggerListener.log Server 빌드 시각:  Mar 11 2024 10:12:34 UTC
20-Apr-2024 10:43:10.393 INFO [main] org.apache.catalina.startup.VersionLoggerListener.log Server 버전 번호:  9.0.87.0
20-Apr-2024 10:43:10.393 INFO [main] org.apache.catalina.startup.VersionLoggerListener.log 운영체제 이름:     Windows 11
20-Apr-2024 10:43:10.393 INFO [main] org.apache.catalina.startup.VersionLoggerListener.log 운영체제 버전:     10.0
20-Apr-2024 10:43:10.393 INFO [main] org.apache.catalina.startup.VersionLoggerListener.log 아키텍처:          amd64
20-Apr-2024 10:43:10.393 INFO [main] org.apache.catalina.startup.VersionLoggerListener.log 자바 홈:           C:\Program Files\Java\jdk-11
20-Apr-2024 10:43:10.393 INFO [main] org.apache.catalina.startup.VersionLoggerListener.log JVM 버전:          11.0.19+9-LTS-224
20-Apr-2024 10:43:10.393 INFO [main] org.apache.catalina.startup.VersionLoggerListener.log JVM 벤더:          Oracle Corporation
20-Apr-2024 10:43:10.393 INFO [main] org.apache.catalina.startup.VersionLoggerListener.log CATALINA_BASE:     C:\Users\LeeGeonHee\Desktop\KW univ\4-1 서버프로그램설계\SERVER-SHOP\tomcat\apache-tomcat-9.0.87
20-Apr-2024 10:43:10.393 INFO [main] org.apache.catalina.startup.VersionLoggerListener.log CATALINA_HOME:     C:\Users\LeeGeonHee\Desktop\KW univ\4-1 서버프로그램설계\SERVER-SHOP\tomcat\apache-tomcat-9.0.87
20-Apr-2024 10:43:10.412 INFO [main] org.apache.catalina.startup.VersionLoggerListener.log 명령 행 아규먼트:  --add-opens=java.base/java.lang=ALL-UNNAMED
20-Apr-2024 10:43:10.412 INFO [main] org.apache.catalina.startup.VersionLoggerListener.log 명령 행 아규먼트:  --add-opens=java.base/java.io=ALL-UNNAMED
20-Apr-2024 10:43:10.412 INFO [main] org.apache.catalina.startup.VersionLoggerListener.log 명령 행 아규먼트:  --add-opens=java.base/java.util=ALL-UNNAMED
20-Apr-2024 10:43:10.412 INFO [main] org.apache.catalina.startup.VersionLoggerListener.log 명령 행 아규먼트:  --add-opens=java.base/java.util.concurrent=ALL-UNNAMED
20-Apr-2024 10:43:10.413 INFO [main] org.apache.catalina.startup.VersionLoggerListener.log 명령 행 아규먼트:  --add-opens=java.rmi/sun.rmi.transport=ALL-UNNAMED
20-Apr-2024 10:43:10.413 INFO [main] org.apache.catalina.startup.VersionLoggerListener.log 명령 행 아규먼트:  -Djava.util.logging.config.file=C:/Users/LeeGeonHee/Desktop/KW univ/4-1 서버프로그램설계/SERVER-SHOP/tomcat/apache-tomcat-9.0.87/conf/logging.properties
20-Apr-2024 10:43:10.413 INFO [main] org.apache.catalina.startup.VersionLoggerListener.log 명령 행 아규먼트:  -Djava.util.logging.manager=org.apache.juli.ClassLoaderLogManager
20-Apr-2024 10:43:10.413 INFO [main] org.apache.catalina.startup.VersionLoggerListener.log 명령 행 아규먼트:  -Djdk.tls.ephemeralDHKeySize=2048
20-Apr-2024 10:43:10.413 INFO [main] org.apache.catalina.startup.VersionLoggerListener.log 명령 행 아규먼트:  -Djava.protocol.handler.pkgs=org.apache.catalina.webresources
20-Apr-2024 10:43:10.413 INFO [main] org.apache.catalina.startup.VersionLoggerListener.log 명령 행 아규먼트:  -Dorg.apache.catalina.security.SecurityListener.UMASK=0027
20-Apr-2024 10:43:10.413 INFO [main] org.apache.catalina.startup.VersionLoggerListener.log 명령 행 아규먼트:  -Dignore.endorsed.dirs=
20-Apr-2024 10:43:10.413 INFO [main] org.apache.catalina.startup.VersionLoggerListener.log 명령 행 아규먼트:  -Dcatalina.base=C:/Users/LeeGeonHee/Desktop/KW univ/4-1 서버프로그램설계/SERVER-SHOP/tomcat/apache-tomcat-9.0.87
20-Apr-2024 10:43:10.414 INFO [main] org.apache.catalina.startup.VersionLoggerListener.log 명령 행 아규먼트:  -Dcatalina.home=C:/Users/LeeGeonHee/Desktop/KW univ/4-1 서버프로그램설계/SERVER-SHOP/tomcat/apache-tomcat-9.0.87
20-Apr-2024 10:43:10.414 INFO [main] org.apache.catalina.startup.VersionLoggerListener.log 명령 행 아규먼트:  -Djava.io.tmpdir=C:/Users/LeeGeonHee/Desktop/KW univ/4-1 서버프로그램설계/SERVER-SHOP/tomcat/apache-tomcat-9.0.87/temp
20-Apr-2024 10:43:10.418 INFO [main] org.apache.catalina.core.AprLifecycleListener.lifecycleEvent APR 버전 [1.7.4]을(를) 사용한, APR 기반 Apache Tomcat Native 라이브러리 [1.3.0]을(를) 로드했습니다.
20-Apr-2024 10:43:10.418 INFO [main] org.apache.catalina.core.AprLifecycleListener.lifecycleEvent APR 용량정보들: IPv6 [true], sendfile [true], accept filters [false], random [true], UDS [true].
20-Apr-2024 10:43:10.418 INFO [main] org.apache.catalina.core.AprLifecycleListener.lifecycleEvent APR/OpenSSL 설정: useAprConnector [false], useOpenSSL [true]
20-Apr-2024 10:43:10.431 INFO [main] org.apache.catalina.core.AprLifecycleListener.initializeSSL OpenSSL이 성공적으로 초기화되었습니다: [OpenSSL 3.0.13 30 Jan 2024]
20-Apr-2024 10:43:10.713 INFO [main] org.apache.coyote.AbstractProtocol.init 프로토콜 핸들러 ["http-nio-8080"]을(를) 초기화합니다.
20-Apr-2024 10:43:10.737 INFO [main] org.apache.catalina.startup.Catalina.load [561] 밀리초 내에 서버가 초기화되었습니다.
20-Apr-2024 10:43:10.798 INFO [main] org.apache.catalina.core.StandardService.startInternal 서비스 [Catalina]을(를) 시작합니다.
20-Apr-2024 10:43:10.798 INFO [main] org.apache.catalina.core.StandardEngine.startInternal 서버 엔진을 시작합니다: [Apache Tomcat/9.0.87]
20-Apr-2024 10:43:10.810 INFO [main] org.apache.catalina.startup.HostConfig.deployDirectory 웹 애플리케이션 디렉토리 [C:\Users\LeeGeonHee\Desktop\KW univ\4-1 서버프로그램설계\SERVER-SHOP\tomcat\apache-tomcat-9.0.87\webapps\docs]을(를) 배치합니다.
20-Apr-2024 10:43:11.462 INFO [main] org.apache.jasper.servlet.TldScanner.scanJars 적어도 하나의 JAR가 TLD들을 찾기 위해 스캔되었으나 아무 것도 찾지 못했습니다. 스캔했으나 TLD가 없는 JAR들의 전체 목록을 보시려면, 로그 레벨을 디버그 레벨로 설정하십시오. 스캔 과정에서 불필요한 JAR들을 건너뛰면, 시스템 시작 시간과 JSP 컴파일 시간을 단축시킬 수 있습니다.
20-Apr-2024 10:43:11.595 WARNING [main] org.apache.catalina.util.SessionIdGeneratorBase.createSecureRandom [SHA1PRNG] 알고리즘을 사용하여, 세션 ID를 생성하기 위한 SecureRandom 객체를 생성하는데, [110] 밀리초가 소요됐습니다.
20-Apr-2024 10:43:11.613 INFO [main] org.apache.catalina.startup.HostConfig.deployDirectory 웹 애플리케이션 디렉토리 [C:\Users\LeeGeonHee\Desktop\KW univ\4-1 서버프로그램설계\SERVER-SHOP\tomcat\apache-tomcat-9.0.87\webapps\docs]에 대한 배치가 [804] 밀리초에 완료되었습니다.
20-Apr-2024 10:43:11.613 INFO [main] org.apache.catalina.startup.HostConfig.deployDirectory 웹 애플리케이션 디렉토리 [C:\Users\LeeGeonHee\Desktop\KW univ\4-1 서버프로그램설계\SERVER-SHOP\tomcat\apache-tomcat-9.0.87\webapps\examples]을(를) 배치합니다.
20-Apr-2024 10:43:12.166 INFO [main] org.apache.jasper.servlet.TldScanner.scanJars 적어도 하나의 JAR가 TLD들을 찾기 위해 스캔되었으나 아무 것도 찾지 못했습니다. 스캔했으나 TLD가 없는 JAR들의 전체 목록을 보시려면, 로그 레벨을 디버그 레벨로 설정하십시오. 스캔 과정에서 불필요한 JAR들을 건너뛰면, 시스템 시작 시간과 JSP 컴파일 시간을 단축시킬 수 있습니다.
20-Apr-2024 10:43:12.202 INFO [main] org.apache.catalina.startup.HostConfig.deployDirectory 웹 애플리케이션 디렉토리 [C:\Users\LeeGeonHee\Desktop\KW univ\4-1 서버프로그램설계\SERVER-SHOP\tomcat\apache-tomcat-9.0.87\webapps\examples]에 대한 배치가 [589] 밀리초에 완료되었습니다.
20-Apr-2024 10:43:12.202 INFO [main] org.apache.catalina.startup.HostConfig.deployDirectory 웹 애플리케이션 디렉토리 [C:\Users\LeeGeonHee\Desktop\KW univ\4-1 서버프로그램설계\SERVER-SHOP\tomcat\apache-tomcat-9.0.87\webapps\host-manager]을(를) 배치합니다.
20-Apr-2024 10:43:12.583 INFO [main] org.apache.jasper.servlet.TldScanner.scanJars 적어도 하나의 JAR가 TLD들을 찾기 위해 스캔되었으나 아무 것도 찾지 못했습니다. 스캔했으나 TLD가 없는 JAR들의 전체 목록을 보시려면, 로그 레벨을 디버그 레벨로 설정하십시오. 스캔 과정에서 불필요한 JAR들을 건너뛰면, 시스템 시작 시간과 JSP 컴파일 시간을 단축시킬 수 있습니다.
20-Apr-2024 10:43:12.590 INFO [main] org.apache.catalina.startup.HostConfig.deployDirectory 웹 애플리케이션 디렉토리 [C:\Users\LeeGeonHee\Desktop\KW univ\4-1 서버프로그램설계\SERVER-SHOP\tomcat\apache-tomcat-9.0.87\webapps\host-manager]에 대한 배치가 [388] 밀리초에 완료되었습니다.
20-Apr-2024 10:43:12.590 INFO [main] org.apache.catalina.startup.HostConfig.deployDirectory 웹 애플리케이션 디렉토리 [C:\Users\LeeGeonHee\Desktop\KW univ\4-1 서버프로그램설계\SERVER-SHOP\tomcat\apache-tomcat-9.0.87\webapps\manager]을(를) 배치합니다.
20-Apr-2024 10:43:12.933 INFO [main] org.apache.jasper.servlet.TldScanner.scanJars 적어도 하나의 JAR가 TLD들을 찾기 위해 스캔되었으나 아무 것도 찾지 못했습니다. 스캔했으나 TLD가 없는 JAR들의 전체 목록을 보시려면, 로그 레벨을 디버그 레벨로 설정하십시오. 스캔 과정에서 불필요한 JAR들을 건너뛰면, 시스템 시작 시간과 JSP 컴파일 시간을 단축시킬 수 있습니다.
20-Apr-2024 10:43:12.935 INFO [main] org.apache.catalina.startup.HostConfig.deployDirectory 웹 애플리케이션 디렉토리 [C:\Users\LeeGeonHee\Desktop\KW univ\4-1 서버프로그램설계\SERVER-SHOP\tomcat\apache-tomcat-9.0.87\webapps\manager]에 대한 배치가 [345] 밀리초에 완료되었습니다.
20-Apr-2024 10:43:12.935 INFO [main] org.apache.catalina.startup.HostConfig.deployDirectory 웹 애플리케이션 디렉토리 [C:\Users\LeeGeonHee\Desktop\KW univ\4-1 서버프로그램설계\SERVER-SHOP\tomcat\apache-tomcat-9.0.87\webapps\ROOT]을(를) 배치합니다.
20-Apr-2024 10:43:13.215 INFO [main] org.apache.jasper.servlet.TldScanner.scanJars 적어도 하나의 JAR가 TLD들을 찾기 위해 스캔되었으나 아무 것도 찾지 못했습니다. 스캔했으나 TLD가 없는 JAR들의 전체 목록을 보시려면, 로그 레벨을 디버그 레벨로 설정하십시오. 스캔 과정에서 불필요한 JAR들을 건너뛰면, 시스템 시작 시간과 JSP 컴파일 시간을 단축시킬 수 있습니다.
20-Apr-2024 10:43:13.217 INFO [main] org.apache.catalina.startup.HostConfig.deployDirectory 웹 애플리케이션 디렉토리 [C:\Users\LeeGeonHee\Desktop\KW univ\4-1 서버프로그램설계\SERVER-SHOP\tomcat\apache-tomcat-9.0.87\webapps\ROOT]에 대한 배치가 [282] 밀리초에 완료되었습니다.
20-Apr-2024 10:43:13.222 INFO [main] org.apache.coyote.AbstractProtocol.start 프로토콜 핸들러 ["http-nio-8080"]을(를) 시작합니다.
20-Apr-2024 10:43:13.353 INFO [main] org.apache.catalina.startup.Catalina.start 서버가 [2614] 밀리초 내에 시작되었습니다.
20-Apr-2024 10:44:05.270 INFO [main] org.apache.catalina.startup.VersionLoggerListener.log 서버 버전 이름:    Apache Tomcat/9.0.87
20-Apr-2024 10:44:05.272 INFO [main] org.apache.catalina.startup.VersionLoggerListener.log Server 빌드 시각:  Mar 11 2024 10:12:34 UTC
20-Apr-2024 10:44:05.272 INFO [main] org.apache.catalina.startup.VersionLoggerListener.log Server 버전 번호:  9.0.87.0
20-Apr-2024 10:44:05.273 INFO [main] org.apache.catalina.startup.VersionLoggerListener.log 운영체제 이름:     Windows 11
20-Apr-2024 10:44:05.273 INFO [main] org.apache.catalina.startup.VersionLoggerListener.log 운영체제 버전:     10.0
20-Apr-2024 10:44:05.273 INFO [main] org.apache.catalina.startup.VersionLoggerListener.log 아키텍처:          amd64
20-Apr-2024 10:44:05.273 INFO [main] org.apache.catalina.startup.VersionLoggerListener.log 자바 홈:           C:\Program Files\Java\jdk-11
20-Apr-2024 10:44:05.273 INFO [main] org.apache.catalina.startup.VersionLoggerListener.log JVM 버전:          11.0.19+9-LTS-224
20-Apr-2024 10:44:05.274 INFO [main] org.apache.catalina.startup.VersionLoggerListener.log JVM 벤더:          Oracle Corporation
20-Apr-2024 10:44:05.274 INFO [main] org.apache.catalina.startup.VersionLoggerListener.log CATALINA_BASE:     C:\Users\LeeGeonHee\Desktop\KW univ\4-1 서버프로그램설계\SERVER-SHOP\tomcat\apache-tomcat-9.0.87
20-Apr-2024 10:44:05.274 INFO [main] org.apache.catalina.startup.VersionLoggerListener.log CATALINA_HOME:     C:\Users\LeeGeonHee\Desktop\KW univ\4-1 서버프로그램설계\SERVER-SHOP\tomcat\apache-tomcat-9.0.87
20-Apr-2024 10:44:05.284 INFO [main] org.apache.catalina.startup.VersionLoggerListener.log 명령 행 아규먼트:  --add-opens=java.base/java.lang=ALL-UNNAMED
20-Apr-2024 10:44:05.284 INFO [main] org.apache.catalina.startup.VersionLoggerListener.log 명령 행 아규먼트:  --add-opens=java.base/java.io=ALL-UNNAMED
20-Apr-2024 10:44:05.285 INFO [main] org.apache.catalina.startup.VersionLoggerListener.log 명령 행 아규먼트:  --add-opens=java.base/java.util=ALL-UNNAMED
20-Apr-2024 10:44:05.285 INFO [main] org.apache.catalina.startup.VersionLoggerListener.log 명령 행 아규먼트:  --add-opens=java.base/java.util.concurrent=ALL-UNNAMED
20-Apr-2024 10:44:05.286 INFO [main] org.apache.catalina.startup.VersionLoggerListener.log 명령 행 아규먼트:  --add-opens=java.rmi/sun.rmi.transport=ALL-UNNAMED
20-Apr-2024 10:44:05.286 INFO [main] org.apache.catalina.startup.VersionLoggerListener.log 명령 행 아규먼트:  -Djava.util.logging.config.file=C:\Users\LeeGeonHee\Desktop\KW univ\4-1 서버프로그램설계\SERVER-SHOP\tomcat\apache-tomcat-9.0.87\conf\logging.properties
20-Apr-2024 10:44:05.286 INFO [main] org.apache.catalina.startup.VersionLoggerListener.log 명령 행 아규먼트:  -Djava.util.logging.manager=org.apache.juli.ClassLoaderLogManager
20-Apr-2024 10:44:05.286 INFO [main] org.apache.catalina.startup.VersionLoggerListener.log 명령 행 아규먼트:  -Djdk.tls.ephemeralDHKeySize=2048
20-Apr-2024 10:44:05.286 INFO [main] org.apache.catalina.startup.VersionLoggerListener.log 명령 행 아규먼트:  -Djava.protocol.handler.pkgs=org.apache.catalina.webresources
20-Apr-2024 10:44:05.287 INFO [main] org.apache.catalina.startup.VersionLoggerListener.log 명령 행 아규먼트:  -Dignore.endorsed.dirs=
20-Apr-2024 10:44:05.287 INFO [main] org.apache.catalina.startup.VersionLoggerListener.log 명령 행 아규먼트:  -Dcatalina.base=C:\Users\LeeGeonHee\Desktop\KW univ\4-1 서버프로그램설계\SERVER-SHOP\tomcat\apache-tomcat-9.0.87
20-Apr-2024 10:44:05.287 INFO [main] org.apache.catalina.startup.VersionLoggerListener.log 명령 행 아규먼트:  -Dcatalina.home=C:\Users\LeeGeonHee\Desktop\KW univ\4-1 서버프로그램설계\SERVER-SHOP\tomcat\apache-tomcat-9.0.87
20-Apr-2024 10:44:05.287 INFO [main] org.apache.catalina.startup.VersionLoggerListener.log 명령 행 아규먼트:  -Djava.io.tmpdir=C:\Users\LeeGeonHee\Desktop\KW univ\4-1 서버프로그램설계\SERVER-SHOP\tomcat\apache-tomcat-9.0.87\temp
20-Apr-2024 10:44:05.290 INFO [main] org.apache.catalina.core.AprLifecycleListener.lifecycleEvent APR 버전 [1.7.4]을(를) 사용한, APR 기반 Apache Tomcat Native 라이브러리 [1.3.0]을(를) 로드했습니다.
20-Apr-2024 10:44:05.291 INFO [main] org.apache.catalina.core.AprLifecycleListener.lifecycleEvent APR 용량정보들: IPv6 [true], sendfile [true], accept filters [false], random [true], UDS [true].
20-Apr-2024 10:44:05.291 INFO [main] org.apache.catalina.core.AprLifecycleListener.lifecycleEvent APR/OpenSSL 설정: useAprConnector [false], useOpenSSL [true]
20-Apr-2024 10:44:05.296 INFO [main] org.apache.catalina.core.AprLifecycleListener.initializeSSL OpenSSL이 성공적으로 초기화되었습니다: [OpenSSL 3.0.13 30 Jan 2024]
20-Apr-2024 10:44:05.542 INFO [main] org.apache.coyote.AbstractProtocol.init 프로토콜 핸들러 ["http-nio-8080"]을(를) 초기화합니다.
20-Apr-2024 10:44:05.557 SEVERE [main] org.apache.catalina.util.LifecycleBase.handleSubClassException 구성요소 [Connector["http-nio-8080"]]을(를) 초기화하지 못했습니다.
	org.apache.catalina.LifecycleException: 프로토콜 핸들러 초기화가 실패했습니다.
		at org.apache.catalina.connector.Connector.initInternal(Connector.java:1011)
		at org.apache.catalina.util.LifecycleBase.init(LifecycleBase.java:127)
		at org.apache.catalina.core.StandardService.initInternal(StandardService.java:554)
		at org.apache.catalina.util.LifecycleBase.init(LifecycleBase.java:127)
		at org.apache.catalina.core.StandardServer.initInternal(StandardServer.java:1046)
		at org.apache.catalina.util.LifecycleBase.init(LifecycleBase.java:127)
		at org.apache.catalina.startup.Catalina.load(Catalina.java:686)
		at org.apache.catalina.startup.Catalina.load(Catalina.java:709)
		at java.base/jdk.internal.reflect.NativeMethodAccessorImpl.invoke0(Native Method)
		at java.base/jdk.internal.reflect.NativeMethodAccessorImpl.invoke(NativeMethodAccessorImpl.java:62)
		at java.base/jdk.internal.reflect.DelegatingMethodAccessorImpl.invoke(DelegatingMethodAccessorImpl.java:43)
		at java.base/java.lang.reflect.Method.invoke(Method.java:566)
		at org.apache.catalina.startup.Bootstrap.load(Bootstrap.java:302)
		at org.apache.catalina.startup.Bootstrap.main(Bootstrap.java:472)
	Caused by: java.net.BindException: Address already in use: bind
		at java.base/sun.nio.ch.Net.bind0(Native Method)
		at java.base/sun.nio.ch.Net.bind(Net.java:459)
		at java.base/sun.nio.ch.Net.bind(Net.java:448)
		at java.base/sun.nio.ch.ServerSocketChannelImpl.bind(ServerSocketChannelImpl.java:227)
		at org.apache.tomcat.util.net.NioEndpoint.initServerSocket(NioEndpoint.java:268)
		at org.apache.tomcat.util.net.NioEndpoint.bind(NioEndpoint.java:223)
		at org.apache.tomcat.util.net.AbstractEndpoint.bindWithCleanup(AbstractEndpoint.java:1334)
		at org.apache.tomcat.util.net.AbstractEndpoint.init(AbstractEndpoint.java:1347)
		at org.apache.coyote.AbstractProtocol.init(AbstractProtocol.java:654)
		at org.apache.coyote.http11.AbstractHttp11Protocol.init(AbstractHttp11Protocol.java:75)
		at org.apache.catalina.connector.Connector.initInternal(Connector.java:1009)
		... 13 more
20-Apr-2024 10:44:05.559 INFO [main] org.apache.catalina.startup.Catalina.load [455] 밀리초 내에 서버가 초기화되었습니다.
20-Apr-2024 10:44:05.623 INFO [main] org.apache.catalina.core.StandardService.startInternal 서비스 [Catalina]을(를) 시작합니다.
20-Apr-2024 10:44:05.624 INFO [main] org.apache.catalina.core.StandardEngine.startInternal 서버 엔진을 시작합니다: [Apache Tomcat/9.0.87]
20-Apr-2024 10:44:05.636 INFO [main] org.apache.catalina.startup.HostConfig.deployDirectory 웹 애플리케이션 디렉토리 [C:\Users\LeeGeonHee\Desktop\KW univ\4-1 서버프로그램설계\SERVER-SHOP\tomcat\apache-tomcat-9.0.87\webapps\docs]을(를) 배치합니다.
20-Apr-2024 10:44:06.280 INFO [main] org.apache.jasper.servlet.TldScanner.scanJars 적어도 하나의 JAR가 TLD들을 찾기 위해 스캔되었으나 아무 것도 찾지 못했습니다. 스캔했으나 TLD가 없는 JAR들의 전체 목록을 보시려면, 로그 레벨을 디버그 레벨로 설정하십시오. 스캔 과정에서 불필요한 JAR들을 건너뛰면, 시스템 시작 시간과 JSP 컴파일 시간을 단축시킬 수 있습니다.
20-Apr-2024 10:44:06.413 WARNING [main] org.apache.catalina.util.SessionIdGeneratorBase.createSecureRandom [SHA1PRNG] 알고리즘을 사용하여, 세션 ID를 생성하기 위한 SecureRandom 객체를 생성하는데, [113] 밀리초가 소요됐습니다.
20-Apr-2024 10:44:06.434 INFO [main] org.apache.catalina.startup.HostConfig.deployDirectory 웹 애플리케이션 디렉토리 [C:\Users\LeeGeonHee\Desktop\KW univ\4-1 서버프로그램설계\SERVER-SHOP\tomcat\apache-tomcat-9.0.87\webapps\docs]에 대한 배치가 [798] 밀리초에 완료되었습니다.
20-Apr-2024 10:44:06.435 INFO [main] org.apache.catalina.startup.HostConfig.deployDirectory 웹 애플리케이션 디렉토리 [C:\Users\LeeGeonHee\Desktop\KW univ\4-1 서버프로그램설계\SERVER-SHOP\tomcat\apache-tomcat-9.0.87\webapps\examples]을(를) 배치합니다.
20-Apr-2024 10:44:06.982 INFO [main] org.apache.jasper.servlet.TldScanner.scanJars 적어도 하나의 JAR가 TLD들을 찾기 위해 스캔되었으나 아무 것도 찾지 못했습니다. 스캔했으나 TLD가 없는 JAR들의 전체 목록을 보시려면, 로그 레벨을 디버그 레벨로 설정하십시오. 스캔 과정에서 불필요한 JAR들을 건너뛰면, 시스템 시작 시간과 JSP 컴파일 시간을 단축시킬 수 있습니다.
20-Apr-2024 10:44:07.028 INFO [main] org.apache.catalina.startup.HostConfig.deployDirectory 웹 애플리케이션 디렉토리 [C:\Users\LeeGeonHee\Desktop\KW univ\4-1 서버프로그램설계\SERVER-SHOP\tomcat\apache-tomcat-9.0.87\webapps\examples]에 대한 배치가 [593] 밀리초에 완료되었습니다.
20-Apr-2024 10:44:07.028 INFO [main] org.apache.catalina.startup.HostConfig.deployDirectory 웹 애플리케이션 디렉토리 [C:\Users\LeeGeonHee\Desktop\KW univ\4-1 서버프로그램설계\SERVER-SHOP\tomcat\apache-tomcat-9.0.87\webapps\host-manager]을(를) 배치합니다.
20-Apr-2024 10:44:07.375 INFO [main] org.apache.jasper.servlet.TldScanner.scanJars 적어도 하나의 JAR가 TLD들을 찾기 위해 스캔되었으나 아무 것도 찾지 못했습니다. 스캔했으나 TLD가 없는 JAR들의 전체 목록을 보시려면, 로그 레벨을 디버그 레벨로 설정하십시오. 스캔 과정에서 불필요한 JAR들을 건너뛰면, 시스템 시작 시간과 JSP 컴파일 시간을 단축시킬 수 있습니다.
20-Apr-2024 10:44:07.380 INFO [main] org.apache.catalina.startup.HostConfig.deployDirectory 웹 애플리케이션 디렉토리 [C:\Users\LeeGeonHee\Desktop\KW univ\4-1 서버프로그램설계\SERVER-SHOP\tomcat\apache-tomcat-9.0.87\webapps\host-manager]에 대한 배치가 [352] 밀리초에 완료되었습니다.
20-Apr-2024 10:44:07.381 INFO [main] org.apache.catalina.startup.HostConfig.deployDirectory 웹 애플리케이션 디렉토리 [C:\Users\LeeGeonHee\Desktop\KW univ\4-1 서버프로그램설계\SERVER-SHOP\tomcat\apache-tomcat-9.0.87\webapps\manager]을(를) 배치합니다.
20-Apr-2024 10:44:07.665 INFO [main] org.apache.jasper.servlet.TldScanner.scanJars 적어도 하나의 JAR가 TLD들을 찾기 위해 스캔되었으나 아무 것도 찾지 못했습니다. 스캔했으나 TLD가 없는 JAR들의 전체 목록을 보시려면, 로그 레벨을 디버그 레벨로 설정하십시오. 스캔 과정에서 불필요한 JAR들을 건너뛰면, 시스템 시작 시간과 JSP 컴파일 시간을 단축시킬 수 있습니다.
20-Apr-2024 10:44:07.668 INFO [main] org.apache.catalina.startup.HostConfig.deployDirectory 웹 애플리케이션 디렉토리 [C:\Users\LeeGeonHee\Desktop\KW univ\4-1 서버프로그램설계\SERVER-SHOP\tomcat\apache-tomcat-9.0.87\webapps\manager]에 대한 배치가 [287] 밀리초에 완료되었습니다.
20-Apr-2024 10:44:07.668 INFO [main] org.apache.catalina.startup.HostConfig.deployDirectory 웹 애플리케이션 디렉토리 [C:\Users\LeeGeonHee\Desktop\KW univ\4-1 서버프로그램설계\SERVER-SHOP\tomcat\apache-tomcat-9.0.87\webapps\ROOT]을(를) 배치합니다.
20-Apr-2024 10:44:07.932 INFO [main] org.apache.jasper.servlet.TldScanner.scanJars 적어도 하나의 JAR가 TLD들을 찾기 위해 스캔되었으나 아무 것도 찾지 못했습니다. 스캔했으나 TLD가 없는 JAR들의 전체 목록을 보시려면, 로그 레벨을 디버그 레벨로 설정하십시오. 스캔 과정에서 불필요한 JAR들을 건너뛰면, 시스템 시작 시간과 JSP 컴파일 시간을 단축시킬 수 있습니다.
20-Apr-2024 10:44:07.934 INFO [main] org.apache.catalina.startup.HostConfig.deployDirectory 웹 애플리케이션 디렉토리 [C:\Users\LeeGeonHee\Desktop\KW univ\4-1 서버프로그램설계\SERVER-SHOP\tomcat\apache-tomcat-9.0.87\webapps\ROOT]에 대한 배치가 [266] 밀리초에 완료되었습니다.
20-Apr-2024 10:44:07.942 INFO [main] org.apache.catalina.startup.Catalina.start 서버가 [2381] 밀리초 내에 시작되었습니다.
20-Apr-2024 10:44:07.948 SEVERE [main] org.apache.catalina.core.StandardServer.await 주소 [localhost]와(과) 포트 [8005]에, 서버 셧다운 소켓을 생성하지 못했습니다. (base 포트 [8005], offset [0])
	java.net.BindException: Address already in use: NET_Bind
		at java.base/java.net.PlainSocketImpl.bind0(Native Method)
		at java.base/java.net.PlainSocketImpl.socketBind(PlainSocketImpl.java:132)
		at java.base/java.net.AbstractPlainSocketImpl.bind(AbstractPlainSocketImpl.java:452)
		at java.base/java.net.ServerSocket.bind(ServerSocket.java:381)
		at java.base/java.net.ServerSocket.<init>(ServerSocket.java:243)
		at org.apache.catalina.core.StandardServer.await(StandardServer.java:581)
		at org.apache.catalina.startup.Catalina.await(Catalina.java:825)
		at org.apache.catalina.startup.Catalina.start(Catalina.java:773)
		at java.base/jdk.internal.reflect.NativeMethodAccessorImpl.invoke0(Native Method)
		at java.base/jdk.internal.reflect.NativeMethodAccessorImpl.invoke(NativeMethodAccessorImpl.java:62)
		at java.base/jdk.internal.reflect.DelegatingMethodAccessorImpl.invoke(DelegatingMethodAccessorImpl.java:43)
		at java.base/java.lang.reflect.Method.invoke(Method.java:566)
		at org.apache.catalina.startup.Bootstrap.start(Bootstrap.java:345)
		at org.apache.catalina.startup.Bootstrap.main(Bootstrap.java:473)
20-Apr-2024 10:44:07.949 INFO [main] org.apache.coyote.AbstractProtocol.pause 프로토콜 핸들러 ["http-nio-8080"]을(를) 일시 정지 중
20-Apr-2024 10:44:07.949 INFO [main] org.apache.catalina.core.StandardService.stopInternal 서비스 [Catalina]을(를) 중지시킵니다.
20-Apr-2024 10:44:07.974 INFO [main] org.apache.coyote.AbstractProtocol.stop 프로토콜 핸들러 ["http-nio-8080"]을(를) 중지시킵니다.
20-Apr-2024 10:44:07.977 INFO [main] org.apache.coyote.AbstractProtocol.destroy 프로토콜 핸들러 ["http-nio-8080"]을(를) 소멸시킵니다.
20-Apr-2024 10:44:11.705 INFO [main] org.apache.catalina.core.StandardServer.await 셧다운 포트를 통해 유효한 셧다운 명령을 받았습니다. 서버 인스턴스를 중지시킵니다.
20-Apr-2024 10:44:11.706 INFO [main] org.apache.coyote.AbstractProtocol.pause 프로토콜 핸들러 ["http-nio-8080"]을(를) 일시 정지 중
20-Apr-2024 10:44:11.828 INFO [main] org.apache.catalina.core.StandardService.stopInternal 서비스 [Catalina]을(를) 중지시킵니다.
20-Apr-2024 10:44:11.846 INFO [main] org.apache.coyote.AbstractProtocol.stop 프로토콜 핸들러 ["http-nio-8080"]을(를) 중지시킵니다.
20-Apr-2024 10:44:11.856 INFO [main] org.apache.coyote.AbstractProtocol.destroy 프로토콜 핸들러 ["http-nio-8080"]을(를) 소멸시킵니다.
20-Apr-2024 10:44:14.017 INFO [main] org.apache.catalina.startup.VersionLoggerListener.log 서버 버전 이름:    Apache Tomcat/9.0.87
20-Apr-2024 10:44:14.020 INFO [main] org.apache.catalina.startup.VersionLoggerListener.log Server 빌드 시각:  Mar 11 2024 10:12:34 UTC
20-Apr-2024 10:44:14.020 INFO [main] org.apache.catalina.startup.VersionLoggerListener.log Server 버전 번호:  9.0.87.0
20-Apr-2024 10:44:14.020 INFO [main] org.apache.catalina.startup.VersionLoggerListener.log 운영체제 이름:     Windows 11
20-Apr-2024 10:44:14.021 INFO [main] org.apache.catalina.startup.VersionLoggerListener.log 운영체제 버전:     10.0
20-Apr-2024 10:44:14.021 INFO [main] org.apache.catalina.startup.VersionLoggerListener.log 아키텍처:          amd64
20-Apr-2024 10:44:14.021 INFO [main] org.apache.catalina.startup.VersionLoggerListener.log 자바 홈:           C:\Program Files\Java\jdk-11
20-Apr-2024 10:44:14.021 INFO [main] org.apache.catalina.startup.VersionLoggerListener.log JVM 버전:          11.0.19+9-LTS-224
20-Apr-2024 10:44:14.022 INFO [main] org.apache.catalina.startup.VersionLoggerListener.log JVM 벤더:          Oracle Corporation
20-Apr-2024 10:44:14.022 INFO [main] org.apache.catalina.startup.VersionLoggerListener.log CATALINA_BASE:     C:\Users\LeeGeonHee\Desktop\KW univ\4-1 서버프로그램설계\SERVER-SHOP\tomcat\apache-tomcat-9.0.87
20-Apr-2024 10:44:14.022 INFO [main] org.apache.catalina.startup.VersionLoggerListener.log CATALINA_HOME:     C:\Users\LeeGeonHee\Desktop\KW univ\4-1 서버프로그램설계\SERVER-SHOP\tomcat\apache-tomcat-9.0.87
20-Apr-2024 10:44:14.030 INFO [main] org.apache.catalina.startup.VersionLoggerListener.log 명령 행 아규먼트:  --add-opens=java.base/java.lang=ALL-UNNAMED
20-Apr-2024 10:44:14.030 INFO [main] org.apache.catalina.startup.VersionLoggerListener.log 명령 행 아규먼트:  --add-opens=java.base/java.io=ALL-UNNAMED
20-Apr-2024 10:44:14.031 INFO [main] org.apache.catalina.startup.VersionLoggerListener.log 명령 행 아규먼트:  --add-opens=java.base/java.util=ALL-UNNAMED
20-Apr-2024 10:44:14.031 INFO [main] org.apache.catalina.startup.VersionLoggerListener.log 명령 행 아규먼트:  --add-opens=java.base/java.util.concurrent=ALL-UNNAMED
20-Apr-2024 10:44:14.031 INFO [main] org.apache.catalina.startup.VersionLoggerListener.log 명령 행 아규먼트:  --add-opens=java.rmi/sun.rmi.transport=ALL-UNNAMED
20-Apr-2024 10:44:14.031 INFO [main] org.apache.catalina.startup.VersionLoggerListener.log 명령 행 아규먼트:  -Djava.util.logging.config.file=C:\Users\LeeGeonHee\Desktop\KW univ\4-1 서버프로그램설계\SERVER-SHOP\tomcat\apache-tomcat-9.0.87\conf\logging.properties
20-Apr-2024 10:44:14.031 INFO [main] org.apache.catalina.startup.VersionLoggerListener.log 명령 행 아규먼트:  -Djava.util.logging.manager=org.apache.juli.ClassLoaderLogManager
20-Apr-2024 10:44:14.032 INFO [main] org.apache.catalina.startup.VersionLoggerListener.log 명령 행 아규먼트:  -Djdk.tls.ephemeralDHKeySize=2048
20-Apr-2024 10:44:14.032 INFO [main] org.apache.catalina.startup.VersionLoggerListener.log 명령 행 아규먼트:  -Djava.protocol.handler.pkgs=org.apache.catalina.webresources
20-Apr-2024 10:44:14.032 INFO [main] org.apache.catalina.startup.VersionLoggerListener.log 명령 행 아규먼트:  -Dignore.endorsed.dirs=
20-Apr-2024 10:44:14.032 INFO [main] org.apache.catalina.startup.VersionLoggerListener.log 명령 행 아규먼트:  -Dcatalina.base=C:\Users\LeeGeonHee\Desktop\KW univ\4-1 서버프로그램설계\SERVER-SHOP\tomcat\apache-tomcat-9.0.87
20-Apr-2024 10:44:14.032 INFO [main] org.apache.catalina.startup.VersionLoggerListener.log 명령 행 아규먼트:  -Dcatalina.home=C:\Users\LeeGeonHee\Desktop\KW univ\4-1 서버프로그램설계\SERVER-SHOP\tomcat\apache-tomcat-9.0.87
20-Apr-2024 10:44:14.033 INFO [main] org.apache.catalina.startup.VersionLoggerListener.log 명령 행 아규먼트:  -Djava.io.tmpdir=C:\Users\LeeGeonHee\Desktop\KW univ\4-1 서버프로그램설계\SERVER-SHOP\tomcat\apache-tomcat-9.0.87\temp
20-Apr-2024 10:44:14.035 INFO [main] org.apache.catalina.core.AprLifecycleListener.lifecycleEvent APR 버전 [1.7.4]을(를) 사용한, APR 기반 Apache Tomcat Native 라이브러리 [1.3.0]을(를) 로드했습니다.
20-Apr-2024 10:44:14.035 INFO [main] org.apache.catalina.core.AprLifecycleListener.lifecycleEvent APR 용량정보들: IPv6 [true], sendfile [true], accept filters [false], random [true], UDS [true].
20-Apr-2024 10:44:14.036 INFO [main] org.apache.catalina.core.AprLifecycleListener.lifecycleEvent APR/OpenSSL 설정: useAprConnector [false], useOpenSSL [true]
20-Apr-2024 10:44:14.041 INFO [main] org.apache.catalina.core.AprLifecycleListener.initializeSSL OpenSSL이 성공적으로 초기화되었습니다: [OpenSSL 3.0.13 30 Jan 2024]
20-Apr-2024 10:44:14.275 INFO [main] org.apache.coyote.AbstractProtocol.init 프로토콜 핸들러 ["http-nio-8080"]을(를) 초기화합니다.
20-Apr-2024 10:44:14.296 INFO [main] org.apache.catalina.startup.Catalina.load [448] 밀리초 내에 서버가 초기화되었습니다.
20-Apr-2024 10:44:14.363 INFO [main] org.apache.catalina.core.StandardService.startInternal 서비스 [Catalina]을(를) 시작합니다.
20-Apr-2024 10:44:14.363 INFO [main] org.apache.catalina.core.StandardEngine.startInternal 서버 엔진을 시작합니다: [Apache Tomcat/9.0.87]
20-Apr-2024 10:44:14.371 INFO [main] org.apache.catalina.startup.HostConfig.deployDirectory 웹 애플리케이션 디렉토리 [C:\Users\LeeGeonHee\Desktop\KW univ\4-1 서버프로그램설계\SERVER-SHOP\tomcat\apache-tomcat-9.0.87\webapps\docs]을(를) 배치합니다.
20-Apr-2024 10:44:15.012 INFO [main] org.apache.jasper.servlet.TldScanner.scanJars 적어도 하나의 JAR가 TLD들을 찾기 위해 스캔되었으나 아무 것도 찾지 못했습니다. 스캔했으나 TLD가 없는 JAR들의 전체 목록을 보시려면, 로그 레벨을 디버그 레벨로 설정하십시오. 스캔 과정에서 불필요한 JAR들을 건너뛰면, 시스템 시작 시간과 JSP 컴파일 시간을 단축시킬 수 있습니다.
20-Apr-2024 10:44:15.152 WARNING [main] org.apache.catalina.util.SessionIdGeneratorBase.createSecureRandom [SHA1PRNG] 알고리즘을 사용하여, 세션 ID를 생성하기 위한 SecureRandom 객체를 생성하는데, [119] 밀리초가 소요됐습니다.
20-Apr-2024 10:44:15.172 INFO [main] org.apache.catalina.startup.HostConfig.deployDirectory 웹 애플리케이션 디렉토리 [C:\Users\LeeGeonHee\Desktop\KW univ\4-1 서버프로그램설계\SERVER-SHOP\tomcat\apache-tomcat-9.0.87\webapps\docs]에 대한 배치가 [800] 밀리초에 완료되었습니다.
20-Apr-2024 10:44:15.172 INFO [main] org.apache.catalina.startup.HostConfig.deployDirectory 웹 애플리케이션 디렉토리 [C:\Users\LeeGeonHee\Desktop\KW univ\4-1 서버프로그램설계\SERVER-SHOP\tomcat\apache-tomcat-9.0.87\webapps\examples]을(를) 배치합니다.
20-Apr-2024 10:44:15.672 INFO [main] org.apache.jasper.servlet.TldScanner.scanJars 적어도 하나의 JAR가 TLD들을 찾기 위해 스캔되었으나 아무 것도 찾지 못했습니다. 스캔했으나 TLD가 없는 JAR들의 전체 목록을 보시려면, 로그 레벨을 디버그 레벨로 설정하십시오. 스캔 과정에서 불필요한 JAR들을 건너뛰면, 시스템 시작 시간과 JSP 컴파일 시간을 단축시킬 수 있습니다.
20-Apr-2024 10:44:15.716 INFO [main] org.apache.catalina.startup.HostConfig.deployDirectory 웹 애플리케이션 디렉토리 [C:\Users\LeeGeonHee\Desktop\KW univ\4-1 서버프로그램설계\SERVER-SHOP\tomcat\apache-tomcat-9.0.87\webapps\examples]에 대한 배치가 [544] 밀리초에 완료되었습니다.
20-Apr-2024 10:44:15.717 INFO [main] org.apache.catalina.startup.HostConfig.deployDirectory 웹 애플리케이션 디렉토리 [C:\Users\LeeGeonHee\Desktop\KW univ\4-1 서버프로그램설계\SERVER-SHOP\tomcat\apache-tomcat-9.0.87\webapps\host-manager]을(를) 배치합니다.
20-Apr-2024 10:44:16.051 INFO [main] org.apache.jasper.servlet.TldScanner.scanJars 적어도 하나의 JAR가 TLD들을 찾기 위해 스캔되었으나 아무 것도 찾지 못했습니다. 스캔했으나 TLD가 없는 JAR들의 전체 목록을 보시려면, 로그 레벨을 디버그 레벨로 설정하십시오. 스캔 과정에서 불필요한 JAR들을 건너뛰면, 시스템 시작 시간과 JSP 컴파일 시간을 단축시킬 수 있습니다.
20-Apr-2024 10:44:16.057 INFO [main] org.apache.catalina.startup.HostConfig.deployDirectory 웹 애플리케이션 디렉토리 [C:\Users\LeeGeonHee\Desktop\KW univ\4-1 서버프로그램설계\SERVER-SHOP\tomcat\apache-tomcat-9.0.87\webapps\host-manager]에 대한 배치가 [340] 밀리초에 완료되었습니다.
20-Apr-2024 10:44:16.058 INFO [main] org.apache.catalina.startup.HostConfig.deployDirectory 웹 애플리케이션 디렉토리 [C:\Users\LeeGeonHee\Desktop\KW univ\4-1 서버프로그램설계\SERVER-SHOP\tomcat\apache-tomcat-9.0.87\webapps\manager]을(를) 배치합니다.
20-Apr-2024 10:44:16.431 INFO [main] org.apache.jasper.servlet.TldScanner.scanJars 적어도 하나의 JAR가 TLD들을 찾기 위해 스캔되었으나 아무 것도 찾지 못했습니다. 스캔했으나 TLD가 없는 JAR들의 전체 목록을 보시려면, 로그 레벨을 디버그 레벨로 설정하십시오. 스캔 과정에서 불필요한 JAR들을 건너뛰면, 시스템 시작 시간과 JSP 컴파일 시간을 단축시킬 수 있습니다.
20-Apr-2024 10:44:16.433 INFO [main] org.apache.catalina.startup.HostConfig.deployDirectory 웹 애플리케이션 디렉토리 [C:\Users\LeeGeonHee\Desktop\KW univ\4-1 서버프로그램설계\SERVER-SHOP\tomcat\apache-tomcat-9.0.87\webapps\manager]에 대한 배치가 [375] 밀리초에 완료되었습니다.
20-Apr-2024 10:44:16.434 INFO [main] org.apache.catalina.startup.HostConfig.deployDirectory 웹 애플리케이션 디렉토리 [C:\Users\LeeGeonHee\Desktop\KW univ\4-1 서버프로그램설계\SERVER-SHOP\tomcat\apache-tomcat-9.0.87\webapps\ROOT]을(를) 배치합니다.
20-Apr-2024 10:44:16.767 INFO [main] org.apache.jasper.servlet.TldScanner.scanJars 적어도 하나의 JAR가 TLD들을 찾기 위해 스캔되었으나 아무 것도 찾지 못했습니다. 스캔했으나 TLD가 없는 JAR들의 전체 목록을 보시려면, 로그 레벨을 디버그 레벨로 설정하십시오. 스캔 과정에서 불필요한 JAR들을 건너뛰면, 시스템 시작 시간과 JSP 컴파일 시간을 단축시킬 수 있습니다.
20-Apr-2024 10:44:16.769 INFO [main] org.apache.catalina.startup.HostConfig.deployDirectory 웹 애플리케이션 디렉토리 [C:\Users\LeeGeonHee\Desktop\KW univ\4-1 서버프로그램설계\SERVER-SHOP\tomcat\apache-tomcat-9.0.87\webapps\ROOT]에 대한 배치가 [336] 밀리초에 완료되었습니다.
20-Apr-2024 10:44:16.776 INFO [main] org.apache.coyote.AbstractProtocol.start 프로토콜 핸들러 ["http-nio-8080"]을(를) 시작합니다.
20-Apr-2024 10:44:16.905 INFO [main] org.apache.catalina.startup.Catalina.start 서버가 [2608] 밀리초 내에 시작되었습니다.
